2016-05-17 01:11:18.317 [info] <0.7.0> Application lager started on node 'websocket_example@127.0.0.1'
2016-05-17 01:11:18.320 [info] <0.7.0> Application bson started on node 'websocket_example@127.0.0.1'
2016-05-17 01:11:18.326 [info] <0.7.0> Application mongodb started on node 'websocket_example@127.0.0.1'
2016-05-17 01:11:27.110 [info] <0.204.0>@ws_handler:websocket_handle:49 FORMAT ERROR: "Posicion recibida :~s ~s ~s ~n ~n" [39.95185892663003,-5.5206298828125,42]
2016-05-17 01:11:27.110 [info] <0.204.0>@ws_handler:websocket_handle:50 PID :<<131,103,100,0,27,119,101,98,115,111,99,107,101,116,95,101,120,97,109,112,108,101,64,49,50,55,46,48,46,48,46,49,0,0,0,204,0,0,0,0,3>> 
 
2016-05-17 01:11:27.132 [warning] <0.6.0> lager_error_logger_h dropped 58 messages in the last second that exceeded the limit of 50 messages/sec
2016-05-17 01:11:27.293 [info] <0.204.0>@ws_handler:websocket_handle:59 Senders : 
 
2016-05-17 01:11:27.294 [info] <0.204.0>@ws_handler:websocket_handle:61 Me :{<<101,114,108,95,112,105,100>>,[131,103,100,0,27,119,101,98,115,111,99,107,101,116,95,101,120,97,109,112,108,101,64,49,50,55,46,48,46,48,46,49,0,0,0,204,0,0,0,0,3],<<108,111,99>>,{<<116,121,112,101>>,<<80,111,105,110,116>>,<<99,111,111,114,100,105,110,97,116,101,115>>,[39.95185892663003,-5.5206298828125]},<<100,105,115,116>>,42} 
 
2016-05-17 01:11:27.295 [info] <0.204.0>@ws_handler:websocket_handle:65 Followerslist :[] 
 
2016-05-27 01:36:30.018 [info] <0.204.0>@ws_handler:websocket_handle:49 FORMAT ERROR: "Posicion recibida :~s ~s ~s ~n ~n" [39.10875135935859,-6.8389892578125,1]
2016-05-27 01:36:30.019 [info] <0.204.0>@ws_handler:websocket_handle:50 PID :<<131,103,100,0,27,119,101,98,115,111,99,107,101,116,95,101,120,97,109,112,108,101,64,49,50,55,46,48,46,48,46,49,0,0,0,204,0,0,0,0,3>> 
 
2016-05-27 01:36:30.112 [info] <0.204.0>@ws_handler:websocket_handle:59 Senders : 
 
2016-05-27 01:36:30.113 [info] <0.204.0>@ws_handler:websocket_handle:61 Me :{<<101,114,108,95,112,105,100>>,[131,103,100,0,27,119,101,98,115,111,99,107,101,116,95,101,120,97,109,112,108,101,64,49,50,55,46,48,46,48,46,49,0,0,0,204,0,0,0,0,3],<<108,111,99>>,{<<116,121,112,101>>,<<80,111,105,110,116>>,<<99,111,111,114,100,105,110,97,116,101,115>>,[39.10875135935859,-6.8389892578125]},<<100,105,115,116>>,1} 
 
2016-05-27 01:36:30.114 [info] <0.204.0>@ws_handler:websocket_handle:65 Followerslist :[] 
 
2016-05-27 01:37:17.415 [info] <0.215.0>@ws_handler:websocket_handle:49 FORMAT ERROR: "Posicion recibida :~s ~s ~s ~n ~n" [39.10875135935859,-6.8389892578125,1]
2016-05-27 01:37:17.416 [info] <0.215.0>@ws_handler:websocket_handle:50 PID :<<131,103,100,0,27,119,101,98,115,111,99,107,101,116,95,101,120,97,109,112,108,101,64,49,50,55,46,48,46,48,46,49,0,0,0,215,0,0,0,0,3>> 
 
2016-05-27 01:37:17.611 [info] <0.215.0>@ws_handler:websocket_handle:59 Senders :{"senders":[{"erl_pid":[131,103,100,0,27,119,101,98,115,111,99,107,101,116,95,101,120,97,109,112,108,101,64,49,50,55,46,48,46,48,46,49,0,0,0,204,0,0,0,0,3],"loc":{"type":"Point","coordinates":[-6.8389892578125,39.10875135935859]},"dist":0.9999999999999999}]} 
 
2016-05-27 01:37:17.611 [info] <0.215.0>@ws_handler:websocket_handle:61 Me :{<<101,114,108,95,112,105,100>>,[131,103,100,0,27,119,101,98,115,111,99,107,101,116,95,101,120,97,109,112,108,101,64,49,50,55,46,48,46,48,46,49,0,0,0,215,0,0,0,0,3],<<108,111,99>>,{<<116,121,112,101>>,<<80,111,105,110,116>>,<<99,111,111,114,100,105,110,97,116,101,115>>,[39.10875135935859,-6.8389892578125]},<<100,105,115,116>>,1} 
 
2016-05-27 01:37:17.612 [info] <0.204.0>@ws_handler:validate_distance:166 Lat1: 39.10875135935859,Lng: -6.8389892578125,Lat2: 39.10875135935859,Lng2: -6.8389892578125,   
2016-05-27 01:37:17.612 [info] <0.204.0>@ws_handler:validate_distance:175 validate distance D=0.0 , Dist=1.569612305760477e-4  
2016-05-27 01:37:17.614 [info] <0.204.0>@ws_handler:websocket_info:107 follower list of PID: :<<131,103,100,0,27,119,101,98,115,111,99,107,101,116,95,101,120,97,109,112,108,101,64,49,50,55,46,48,46,48,46,49,0,0,0,204,0,0,0,0,3>> is: [{<<101,114,108,95,112,105,100>>,[131,103,100,0,27,119,101,98,115,111,99,107,101,116,95,101,120,97,109,112,108,101,64,49,50,55,46,48,46,48,46,49,0,0,0,215,0,0,0,0,3],<<108,111,99>>,{<<116,121,112,101>>,<<80,111,105,110,116>>,<<99,111,111,114,100,105,110,97,116,101,115>>,[39.10875135935859,-6.8389892578125]},<<100,105,115,116>>,1}] 
 
2016-05-27 01:37:17.615 [info] <0.215.0>@ws_handler:websocket_handle:65 Followerslist :[{erl_pid,[131,103,100,0,27,119,101,98,115,111,99,107,101,116,95,101,120,97,109,112,108,101,64,49,50,55,46,48,46,48,46,49,0,0,0,204,0,0,0,0,3],loc,{type,<<80,111,105,110,116>>,coordinates,[-6.8389892578125,39.10875135935859]},dist,1.569612305760477e-4}] 
 
2016-05-27 01:37:38.637 [info] <0.215.0>@ws_handler:websocket_handle:49 FORMAT ERROR: "Posicion recibida :~s ~s ~s ~n ~n" [39.10875135935859,-6.8389892578125,42]
2016-05-27 01:37:38.637 [info] <0.215.0>@ws_handler:websocket_handle:50 PID :<<131,103,100,0,27,119,101,98,115,111,99,107,101,116,95,101,120,97,109,112,108,101,64,49,50,55,46,48,46,48,46,49,0,0,0,215,0,0,0,0,3>> 
 
2016-05-27 01:37:38.658 [info] <0.215.0>@ws_handler:websocket_handle:59 Senders :{"senders":[{"erl_pid":[131,103,100,0,27,119,101,98,115,111,99,107,101,116,95,101,120,97,109,112,108,101,64,49,50,55,46,48,46,48,46,49,0,0,0,204,0,0,0,0,3],"loc":{"type":"Point","coordinates":[-6.8389892578125,39.10875135935859]},"dist":0.9999999999999999}]} 
 
2016-05-27 01:37:38.658 [info] <0.215.0>@ws_handler:websocket_handle:61 Me :{<<101,114,108,95,112,105,100>>,[131,103,100,0,27,119,101,98,115,111,99,107,101,116,95,101,120,97,109,112,108,101,64,49,50,55,46,48,46,48,46,49,0,0,0,215,0,0,0,0,3],<<108,111,99>>,{<<116,121,112,101>>,<<80,111,105,110,116>>,<<99,111,111,114,100,105,110,97,116,101,115>>,[39.10875135935859,-6.8389892578125]},<<100,105,115,116>>,42} 
 
2016-05-27 01:37:38.658 [info] <0.204.0>@ws_handler:websocket_info:107 follower list of PID: :<<131,103,100,0,27,119,101,98,115,111,99,107,101,116,95,101,120,97,109,112,108,101,64,49,50,55,46,48,46,48,46,49,0,0,0,204,0,0,0,0,3>> is: [{<<101,114,108,95,112,105,100>>,[131,103,100,0,27,119,101,98,115,111,99,107,101,116,95,101,120,97,109,112,108,101,64,49,50,55,46,48,46,48,46,49,0,0,0,215,0,0,0,0,3],<<108,111,99>>,{<<116,121,112,101>>,<<80,111,105,110,116>>,<<99,111,111,114,100,105,110,97,116,101,115>>,[39.10875135935859,-6.8389892578125]},<<100,105,115,116>>,1}] 
 
2016-05-27 01:37:38.660 [info] <0.215.0>@ws_handler:websocket_handle:65 Followerslist :[{erl_pid,[131,103,100,0,27,119,101,98,115,111,99,107,101,116,95,101,120,97,109,112,108,101,64,49,50,55,46,48,46,48,46,49,0,0,0,204,0,0,0,0,3],loc,{type,<<80,111,105,110,116>>,coordinates,[-6.8389892578125,39.10875135935859]},dist,1.569612305760477e-4}] 
 
2016-05-27 01:37:43.317 [info] <0.215.0>@ws_handler:websocket_handle:49 FORMAT ERROR: "Posicion recibida :~s ~s ~s ~n ~n" [39.29179704377487,-6.2567138671875,42]
2016-05-27 01:37:43.317 [info] <0.215.0>@ws_handler:websocket_handle:50 PID :<<131,103,100,0,27,119,101,98,115,111,99,107,101,116,95,101,120,97,109,112,108,101,64,49,50,55,46,48,46,48,46,49,0,0,0,215,0,0,0,0,3>> 
 
2016-05-27 01:37:43.388 [info] <0.215.0>@ws_handler:websocket_handle:59 Senders : 
 
2016-05-27 01:37:43.388 [info] <0.215.0>@ws_handler:websocket_handle:61 Me :{<<101,114,108,95,112,105,100>>,[131,103,100,0,27,119,101,98,115,111,99,107,101,116,95,101,120,97,109,112,108,101,64,49,50,55,46,48,46,48,46,49,0,0,0,215,0,0,0,0,3],<<108,111,99>>,{<<116,121,112,101>>,<<80,111,105,110,116>>,<<99,111,111,114,100,105,110,97,116,101,115>>,[39.29179704377487,-6.2567138671875]},<<100,105,115,116>>,42} 
 
2016-05-27 01:37:43.389 [info] <0.215.0>@ws_handler:websocket_handle:65 Followerslist :[] 
 
2016-05-27 01:37:48.165 [info] <0.215.0>@ws_handler:websocket_handle:49 FORMAT ERROR: "Posicion recibida :~s ~s ~s ~n ~n" [39.29179704377487,-6.2567138671875,71]
2016-05-27 01:37:48.165 [info] <0.215.0>@ws_handler:websocket_handle:50 PID :<<131,103,100,0,27,119,101,98,115,111,99,107,101,116,95,101,120,97,109,112,108,101,64,49,50,55,46,48,46,48,46,49,0,0,0,215,0,0,0,0,3>> 
 
2016-05-27 01:37:48.463 [info] <0.215.0>@ws_handler:websocket_handle:59 Senders :{"senders":[{"erl_pid":[131,103,100,0,27,119,101,98,115,111,99,107,101,116,95,101,120,97,109,112,108,101,64,49,50,55,46,48,46,48,46,49,0,0,0,204,0,0,0,0,3],"loc":{"type":"Point","coordinates":[-6.8389892578125,39.10875135935859]},"dist":0.9999999999999999}]} 
 
2016-05-27 01:37:48.464 [info] <0.215.0>@ws_handler:websocket_handle:61 Me :{<<101,114,108,95,112,105,100>>,[131,103,100,0,27,119,101,98,115,111,99,107,101,116,95,101,120,97,109,112,108,101,64,49,50,55,46,48,46,48,46,49,0,0,0,215,0,0,0,0,3],<<108,111,99>>,{<<116,121,112,101>>,<<80,111,105,110,116>>,<<99,111,111,114,100,105,110,97,116,101,115>>,[39.29179704377487,-6.2567138671875]},<<100,105,115,116>>,71} 
 
2016-05-27 01:37:48.466 [info] <0.204.0>@ws_handler:websocket_info:107 follower list of PID: :<<131,103,100,0,27,119,101,98,115,111,99,107,101,116,95,101,120,97,109,112,108,101,64,49,50,55,46,48,46,48,46,49,0,0,0,204,0,0,0,0,3>> is: [{<<101,114,108,95,112,105,100>>,[131,103,100,0,27,119,101,98,115,111,99,107,101,116,95,101,120,97,109,112,108,101,64,49,50,55,46,48,46,48,46,49,0,0,0,215,0,0,0,0,3],<<108,111,99>>,{<<116,121,112,101>>,<<80,111,105,110,116>>,<<99,111,111,114,100,105,110,97,116,101,115>>,[39.10875135935859,-6.8389892578125]},<<100,105,115,116>>,1}] 
 
2016-05-27 01:37:48.469 [info] <0.215.0>@ws_handler:websocket_handle:65 Followerslist :[] 
 
2016-05-27 01:37:59.120 [info] <0.204.0>@ws_handler:websocket_handle:41 Mensje llegndo a : [{<<101,114,108,95,112,105,100>>,[131,103,100,0,27,119,101,98,115,111,99,107,101,116,95,101,120,97,109,112,108,101,64,49,50,55,46,48,46,48,46,49,0,0,0,215,0,0,0,0,3],<<108,111,99>>,{<<116,121,112,101>>,<<80,111,105,110,116>>,<<99,111,111,114,100,105,110,97,116,101,115>>,[39.10875135935859,-6.8389892578125]},<<100,105,115,116>>,1}]   
 
2016-05-27 01:37:59.120 [info] <0.204.0>@ws_handler:websocket_handle:42 listtopid :<0.215.0> 
2016-05-27 01:37:59.121 [info] <0.215.0>@ws_handler:websocket_info:79 Recibido mensje: :{"message":"sdds"} 
2016-05-27 01:37:59.121 [info] <0.215.0>@ws_handler:validate_distance:166 Lat1: 39.10875135935859,Lng: -6.8389892578125,Lat2: 39.29179704377487,Lng2: -6.2567138671875,   
2016-05-27 01:37:59.121 [info] <0.215.0>@ws_handler:validate_distance:175 validate distance D=0.008498739607435597 , Dist=0.011144247370899387  
2016-05-27 01:37:59.122 [info] <0.215.0>@ws_handler:websocket_info:82 mensajerecibido :{"message":"sdds"},PID: <0.215.0> 
2016-05-27 01:39:13.631 [info] <0.215.0>@ws_handler:websocket_handle:49 FORMAT ERROR: "Posicion recibida :~s ~s ~s ~n ~n" [39.9434364619742,-5.328369140625,71]
2016-05-27 01:39:13.631 [info] <0.215.0>@ws_handler:websocket_handle:50 PID :<<131,103,100,0,27,119,101,98,115,111,99,107,101,116,95,101,120,97,109,112,108,101,64,49,50,55,46,48,46,48,46,49,0,0,0,215,0,0,0,0,3>> 
 
2016-05-27 01:39:13.725 [info] <0.215.0>@ws_handler:websocket_handle:59 Senders : 
 
2016-05-27 01:39:13.725 [info] <0.215.0>@ws_handler:websocket_handle:61 Me :{<<101,114,108,95,112,105,100>>,[131,103,100,0,27,119,101,98,115,111,99,107,101,116,95,101,120,97,109,112,108,101,64,49,50,55,46,48,46,48,46,49,0,0,0,215,0,0,0,0,3],<<108,111,99>>,{<<116,121,112,101>>,<<80,111,105,110,116>>,<<99,111,111,114,100,105,110,97,116,101,115>>,[39.9434364619742,-5.328369140625]},<<100,105,115,116>>,71} 
 
2016-05-27 01:39:13.726 [info] <0.215.0>@ws_handler:websocket_handle:65 Followerslist :[] 
 
